<?xml version="1.0" encoding="UTF-8"?>
<!-- Generated by org.testng.reporters.JUnitReportReporter -->
<testsuite hostname="colix01.coli.uni-saarland.de" name="marytts.util.dom.DomUtilsTest" tests="2" failures="0" timestamp="24 Oct 2016 14:11:45 GMT" time="0.133" errors="0">
  <testcase name="validatingParseStream" time="0.091" classname="marytts.util.dom.DomUtilsTest"/>
  <testcase name="validatingParseString" time="0.042" classname="marytts.util.dom.DomUtilsTest"/>
</testsuite> <!-- marytts.util.dom.DomUtilsTest -->
