<?xml version="1.0" encoding="UTF-8"?>
<!-- Generated by org.testng.reporters.JUnitReportReporter -->
<testsuite hostname="colix01.coli.uni-saarland.de" name="marytts.modules.phonemiser.AllophoneSetTest" tests="67" failures="0" timestamp="24 Oct 2016 14:11:44 GMT" time="0.044" errors="0">
  <testcase name="testSplitIntoAllophoneList" time="0.000" classname="marytts.modules.phonemiser.AllophoneSetTest"/>
  <testcase name="testSplitAllophoneString" time="0.000" classname="marytts.modules.phonemiser.AllophoneSetTest"/>
  <testcase name="testSplitAllophoneString" time="0.000" classname="marytts.modules.phonemiser.AllophoneSetTest"/>
  <testcase name="testSplitAllophoneString" time="0.000" classname="marytts.modules.phonemiser.AllophoneSetTest"/>
  <testcase name="testSyllabify" time="0.001" classname="marytts.modules.phonemiser.AllophoneSetTest"/>
  <testcase name="testUnloadedIsUnavailable" time="0.000" classname="marytts.modules.phonemiser.AllophoneSetTest"/>
  <testcase name="testSyllabify" time="0.000" classname="marytts.modules.phonemiser.AllophoneSetTest"/>
  <testcase name="testSyllabifyWithEmptyInput" time="0.000" classname="marytts.modules.phonemiser.AllophoneSetTest"/>
  <testcase name="testLoadedIsAvailable" time="0.000" classname="marytts.modules.phonemiser.AllophoneSetTest"/>
  <testcase name="testSyllabify" time="0.000" classname="marytts.modules.phonemiser.AllophoneSetTest"/>
  <testcase name="testSyllabify" time="0.000" classname="marytts.modules.phonemiser.AllophoneSetTest"/>
  <testcase name="testLegacySyllabify" time="0.001" classname="marytts.modules.phonemiser.AllophoneSetTest"/>
  <testcase name="testSyllabify" time="0.000" classname="marytts.modules.phonemiser.AllophoneSetTest"/>
  <testcase name="testLegacySyllabify" time="0.001" classname="marytts.modules.phonemiser.AllophoneSetTest"/>
  <testcase name="testSplitIntoAllophoneList" time="0.000" classname="marytts.modules.phonemiser.AllophoneSetTest"/>
  <testcase name="testSplitAllophoneString" time="0.000" classname="marytts.modules.phonemiser.AllophoneSetTest"/>
  <testcase name="testSyllabify" time="0.001" classname="marytts.modules.phonemiser.AllophoneSetTest"/>
  <testcase name="testSplitIntoAllophones" time="0.000" classname="marytts.modules.phonemiser.AllophoneSetTest"/>
  <testcase name="testSplitAllophoneString" time="0.000" classname="marytts.modules.phonemiser.AllophoneSetTest"/>
  <testcase name="testLegacySyllabify" time="0.000" classname="marytts.modules.phonemiser.AllophoneSetTest"/>
  <testcase name="testSyllabify" time="0.000" classname="marytts.modules.phonemiser.AllophoneSetTest"/>
  <testcase name="testSplitIntoAllophoneList" time="0.001" classname="marytts.modules.phonemiser.AllophoneSetTest"/>
  <testcase name="testSyllabify" time="0.001" classname="marytts.modules.phonemiser.AllophoneSetTest"/>
  <testcase name="testLegacySyllabifyWithoutNucleus" time="0.000" classname="marytts.modules.phonemiser.AllophoneSetTest"/>
  <testcase name="testSyllabify" time="0.000" classname="marytts.modules.phonemiser.AllophoneSetTest"/>
  <testcase name="testSplitIntoAllophoneListWithInvalidInput" time="0.000" classname="marytts.modules.phonemiser.AllophoneSetTest"/>
  <testcase name="testSyllabifyWithoutNucleus" time="0.000" classname="marytts.modules.phonemiser.AllophoneSetTest"/>
  <testcase name="testSplitAllophoneString" time="0.000" classname="marytts.modules.phonemiser.AllophoneSetTest"/>
  <testcase name="testLegacySyllabify" time="0.000" classname="marytts.modules.phonemiser.AllophoneSetTest"/>
  <testcase name="testSplitIntoAllophones" time="0.002" classname="marytts.modules.phonemiser.AllophoneSetTest"/>
  <testcase name="testSplitIntoAllophones" time="0.000" classname="marytts.modules.phonemiser.AllophoneSetTest"/>
  <testcase name="testSplitIntoAllophones" time="0.001" classname="marytts.modules.phonemiser.AllophoneSetTest"/>
  <testcase name="testSplitIntoAllophones" time="0.000" classname="marytts.modules.phonemiser.AllophoneSetTest"/>
  <testcase name="testLegacySyllabify" time="0.000" classname="marytts.modules.phonemiser.AllophoneSetTest"/>
  <testcase name="testSyllabify" time="0.000" classname="marytts.modules.phonemiser.AllophoneSetTest"/>
  <testcase name="testSyllabify" time="0.000" classname="marytts.modules.phonemiser.AllophoneSetTest"/>
  <testcase name="testSplitIntoAllophones" time="0.000" classname="marytts.modules.phonemiser.AllophoneSetTest"/>
  <testcase name="testSplitAllophoneString" time="0.000" classname="marytts.modules.phonemiser.AllophoneSetTest"/>
  <testcase name="testLegacySyllabify" time="0.011" classname="marytts.modules.phonemiser.AllophoneSetTest"/>
  <testcase name="testSplitIntoAllophoneList" time="0.000" classname="marytts.modules.phonemiser.AllophoneSetTest"/>
  <testcase name="testSyllabify" time="0.000" classname="marytts.modules.phonemiser.AllophoneSetTest"/>
  <testcase name="testSplitIntoAllophones" time="0.000" classname="marytts.modules.phonemiser.AllophoneSetTest"/>
  <testcase name="testSplitIntoAllophoneList" time="0.000" classname="marytts.modules.phonemiser.AllophoneSetTest"/>
  <testcase name="testSyllabify" time="0.001" classname="marytts.modules.phonemiser.AllophoneSetTest"/>
  <testcase name="testLegacySyllabify" time="0.001" classname="marytts.modules.phonemiser.AllophoneSetTest"/>
  <testcase name="testLegacySyllabify" time="0.001" classname="marytts.modules.phonemiser.AllophoneSetTest"/>
  <testcase name="testSplitAllophoneString" time="0.000" classname="marytts.modules.phonemiser.AllophoneSetTest"/>
  <testcase name="testSyllabify" time="0.001" classname="marytts.modules.phonemiser.AllophoneSetTest"/>
  <testcase name="testSplitIntoAllophoneList" time="0.001" classname="marytts.modules.phonemiser.AllophoneSetTest"/>
  <testcase name="testSplitIntoAllophoneList" time="0.000" classname="marytts.modules.phonemiser.AllophoneSetTest"/>
  <testcase name="testSplitIntoAllophoneList" time="0.000" classname="marytts.modules.phonemiser.AllophoneSetTest"/>
  <testcase name="testLoadOnceReuse" time="0.001" classname="marytts.modules.phonemiser.AllophoneSetTest"/>
  <testcase name="testSplitAllophoneString" time="0.000" classname="marytts.modules.phonemiser.AllophoneSetTest"/>
  <testcase name="testSyllabify" time="0.000" classname="marytts.modules.phonemiser.AllophoneSetTest"/>
  <testcase name="testSplitIntoAllophones" time="0.000" classname="marytts.modules.phonemiser.AllophoneSetTest"/>
  <testcase name="testLegacySyllabify" time="0.001" classname="marytts.modules.phonemiser.AllophoneSetTest"/>
  <testcase name="testSyllabify" time="0.000" classname="marytts.modules.phonemiser.AllophoneSetTest"/>
  <testcase name="testSplitIntoAllophoneList" time="0.000" classname="marytts.modules.phonemiser.AllophoneSetTest"/>
  <testcase name="testSyllabify" time="0.001" classname="marytts.modules.phonemiser.AllophoneSetTest"/>
  <testcase name="testSyllabify" time="0.001" classname="marytts.modules.phonemiser.AllophoneSetTest"/>
  <testcase name="testSyllabify" time="0.000" classname="marytts.modules.phonemiser.AllophoneSetTest"/>
  <testcase name="testLegacySyllabify" time="0.000" classname="marytts.modules.phonemiser.AllophoneSetTest"/>
  <testcase name="testSplitIntoAllophones" time="0.001" classname="marytts.modules.phonemiser.AllophoneSetTest"/>
  <testcase name="testSyllabify" time="0.000" classname="marytts.modules.phonemiser.AllophoneSetTest"/>
  <testcase name="testSyllabify" time="0.001" classname="marytts.modules.phonemiser.AllophoneSetTest"/>
  <testcase name="testGetInvalidAllophone" time="0.012" classname="marytts.modules.phonemiser.AllophoneSetTest"/>
  <testcase name="testSyllabify" time="0.001" classname="marytts.modules.phonemiser.AllophoneSetTest"/>
</testsuite> <!-- marytts.modules.phonemiser.AllophoneSetTest -->
